Using pre-set license
Built from '2020.3/staging' branch; Version is '2020.3.8f1 (507919d4fff5) revision 5273881'; Using compiler version '192528614'; Build Type 'Release'
OS: 'Windows 10 Home; OS build 19041.985; Version 2004; 64bit' Language: 'ko' Physical Memory: 16235 MB
BatchMode: 1, IsHumanControllingUs: 0, StartBugReporterOnCrash: 0, Is64bit: 1, IsPro: 0

 COMMAND LINE ARGUMENTS:
C:\Program Files\Unity\Hub\Editor\2019.4.6f1\Editor\Unity.exe
-adb2
-batchMode
-noUpm
-name
AssetImportWorker0
-projectPath
C:/Users/82109/New Unity Project (1)
-logFile
Logs/AssetImportWorker0.log
-srvPort
7372
Successfully changed project path to: C:/Users/82109/New Unity Project (1)
C:/Users/82109/New Unity Project (1)
Using Asset Import Pipeline V2.
Refreshing native plugins compatible for Editor in 37.40 ms, found 1 plugins.
Preloading 0 native plugins for Editor in 0.00 ms.
Initialize engine version: 2020.3.8f1 (507919d4fff5)
[Subsystems] Discovering subsystems at path C:/Program Files/Unity/Hub/Editor/2019.4.6f1/Editor/Data/Resources/UnitySubsystems
[Subsystems] Discovering subsystems at path C:/Users/82109/New Unity Project (1)/Assets
GfxDevice: creating device client; threaded=0
Direct3D:
    Version:  Direct3D 11.0 [level 11.1]
    Renderer: NVIDIA GeForce GTX 1660 Ti (ID=0x2191)
    Vendor:   
    VRAM:     5991 MB
    Driver:   27.21.14.6156
Initialize mono
Mono path[0] = 'C:/Program Files/Unity/Hub/Editor/2019.4.6f1/Editor/Data/Managed'
Mono path[1] = 'C:/Program Files/Unity/Hub/Editor/2019.4.6f1/Editor/Data/MonoBleedingEdge/lib/mono/unityjit'
Mono config path = 'C:/Program Files/Unity/Hub/Editor/2019.4.6f1/Editor/Data/MonoBleedingEdge/etc'
Using monoOptions --debugger-agent=transport=dt_socket,embedding=1,server=y,suspend=n,address=127.0.0.1:56060
Begin MonoManager ReloadAssembly
Registering precompiled unity dll's ...
Register platform support module: C:/Program Files/Unity/Hub/Editor/2019.4.6f1/Editor/Data/PlaybackEngines/WindowsStandaloneSupport/UnityEditor.WindowsStandalone.Extensions.dll
Registered in 0.006271 seconds.
Native extension for WindowsStandalone target not found
Refreshing native plugins compatible for Editor in 33.85 ms, found 1 plugins.
Preloading 0 native plugins for Editor in 0.00 ms.
Mono: successfully reloaded assembly
- Completed reload, in  1.081 seconds
Platform modules already initialized, skipping
Registering precompiled user dll's ...
Registered in 0.001768 seconds.
Begin MonoManager ReloadAssembly
Native extension for WindowsStandalone target not found
Refreshing native plugins compatible for Editor in 40.31 ms, found 1 plugins.
Preloading 0 native plugins for Editor in 0.00 ms.
Mono: successfully reloaded assembly
- Completed reload, in  1.004 seconds
Platform modules already initialized, skipping
========================================================================
Worker process is ready to serve import requests
Launched and connected shader compiler UnityShaderCompiler.exe after 0.10 seconds
Refreshing native plugins compatible for Editor in 0.36 ms, found 1 plugins.
Preloading 0 native plugins for Editor in 0.00 ms.
Unloading 1814 Unused Serialized files (Serialized files now loaded: 0)
System memory in use before: 85.1 MB.
System memory in use after: 85.2 MB.

Unloading 19 unused Assets to reduce memory usage. Loaded Objects now: 2263.
Total: 2.032600 ms (FindLiveObjects: 0.207500 ms CreateObjectMapping: 0.073600 ms MarkObjects: 1.694100 ms  DeleteObjects: 0.056500 ms)

========================================================================
Received Import Request.
  path: Assets/Simple 2D Platformer BE2/Sprites/Enemy 1.png
  artifactKey: Guid(7161e4bb7c5f57f4ca7b3ab562587e70) Importer(815301076,1909f56bfc062723c751e8b465ee728b)
Start importing Assets/Simple 2D Platformer BE2/Sprites/Enemy 1.png using Guid(7161e4bb7c5f57f4ca7b3ab562587e70) Importer(815301076,1909f56bfc062723c751e8b465ee728b)  -> (artifact id: '67471fdbcde7d68aa53e01eeb41a2f68') in 0.184337 seconds
  Import took 0.187379 seconds .

========================================================================
Received Import Request.
  Time since last request: 97.272806 seconds.
  path: Assets/Simple 2D Platformer BE2/Sprites/Mstanding.anim
  artifactKey: Guid(5c7c1f952cba6ff4bbb16075f194af1a) Importer(815301076,1909f56bfc062723c751e8b465ee728b)
Start importing Assets/Simple 2D Platformer BE2/Sprites/Mstanding.anim using Guid(5c7c1f952cba6ff4bbb16075f194af1a) Importer(815301076,1909f56bfc062723c751e8b465ee728b)  -> (artifact id: '50bba8f3bb717c2fa9ff887e3a2aee11') in 0.014204 seconds
  Import took 0.018081 seconds .

========================================================================
Received Prepare
Registering precompiled user dll's ...
Registered in 0.001707 seconds.
Begin MonoManager ReloadAssembly
Native extension for WindowsStandalone target not found
Refreshing native plugins compatible for Editor in 0.33 ms, found 1 plugins.
Preloading 0 native plugins for Editor in 0.00 ms.
Mono: successfully reloaded assembly
- Completed reload, in  0.908 seconds
Platform modules already initialized, skipping
Refreshing native plugins compatible for Editor in 0.38 ms, found 1 plugins.
Preloading 0 native plugins for Editor in 0.00 ms.
Unloading 1805 Unused Serialized files (Serialized files now loaded: 0)
System memory in use before: 87.8 MB.
System memory in use after: 87.9 MB.

Unloading 8 unused Assets to reduce memory usage. Loaded Objects now: 2273.
Total: 1.995500 ms (FindLiveObjects: 0.164600 ms CreateObjectMapping: 0.048600 ms MarkObjects: 1.769400 ms  DeleteObjects: 0.012000 ms)

========================================================================
Received Prepare
Registering precompiled user dll's ...
Registered in 0.002320 seconds.
Begin MonoManager ReloadAssembly
Native extension for WindowsStandalone target not found
Refreshing native plugins compatible for Editor in 0.57 ms, found 1 plugins.
Preloading 0 native plugins for Editor in 0.00 ms.
Mono: successfully reloaded assembly
- Completed reload, in  1.128 seconds
Platform modules already initialized, skipping
Refreshing native plugins compatible for Editor in 0.33 ms, found 1 plugins.
Preloading 0 native plugins for Editor in 0.00 ms.
Unloading 1805 Unused Serialized files (Serialized files now loaded: 0)
System memory in use before: 87.8 MB.
System memory in use after: 87.9 MB.

Unloading 8 unused Assets to reduce memory usage. Loaded Objects now: 2276.
Total: 1.654600 ms (FindLiveObjects: 0.145600 ms CreateObjectMapping: 0.054000 ms MarkObjects: 1.440300 ms  DeleteObjects: 0.013700 ms)

========================================================================
Received Prepare
Registering precompiled user dll's ...
Registered in 0.002058 seconds.
Begin MonoManager ReloadAssembly
Native extension for WindowsStandalone target not found
Refreshing native plugins compatible for Editor in 0.31 ms, found 1 plugins.
Preloading 0 native plugins for Editor in 0.00 ms.
Mono: successfully reloaded assembly
- Completed reload, in  0.886 seconds
Platform modules already initialized, skipping
Refreshing native plugins compatible for Editor in 0.51 ms, found 1 plugins.
Preloading 0 native plugins for Editor in 0.00 ms.
Unloading 1805 Unused Serialized files (Serialized files now loaded: 0)
System memory in use before: 87.8 MB.
System memory in use after: 88.0 MB.

Unloading 8 unused Assets to reduce memory usage. Loaded Objects now: 2279.
Total: 1.844000 ms (FindLiveObjects: 0.169200 ms CreateObjectMapping: 0.049700 ms MarkObjects: 1.611200 ms  DeleteObjects: 0.013100 ms)

========================================================================
Received Import Request.
  Time since last request: 1050.311489 seconds.
  path: Assets/scripts/PlayerMove.cs
  artifactKey: Guid(73921dca5bc77904580d006953a16f84) Importer(815301076,1909f56bfc062723c751e8b465ee728b)
Start importing Assets/scripts/PlayerMove.cs using Guid(73921dca5bc77904580d006953a16f84) Importer(815301076,1909f56bfc062723c751e8b465ee728b)  -> (artifact id: '7f6b147acf7da6ede25840d995d598de') in 0.027193 seconds
  Import took 0.030450 seconds .

========================================================================
Received Prepare
Registering precompiled user dll's ...
Registered in 0.002115 seconds.
Begin MonoManager ReloadAssembly
Native extension for WindowsStandalone target not found
Refreshing native plugins compatible for Editor in 0.43 ms, found 1 plugins.
Preloading 0 native plugins for Editor in 0.00 ms.
Mono: successfully reloaded assembly
- Completed reload, in  0.893 seconds
Platform modules already initialized, skipping
Refreshing native plugins compatible for Editor in 0.33 ms, found 1 plugins.
Preloading 0 native plugins for Editor in 0.00 ms.
Unloading 1805 Unused Serialized files (Serialized files now loaded: 0)
System memory in use before: 87.9 MB.
System memory in use after: 88.0 MB.

Unloading 8 unused Assets to reduce memory usage. Loaded Objects now: 2282.
Total: 2.026900 ms (FindLiveObjects: 0.174300 ms CreateObjectMapping: 0.046600 ms MarkObjects: 1.792600 ms  DeleteObjects: 0.012600 ms)

========================================================================
Received Import Request.
  Time since last request: 120.576119 seconds.
  path: Assets/scripts/MonsterMove.cs
  artifactKey: Guid(94d5ef9f4efa03047b36710fd630e9a1) Importer(815301076,1909f56bfc062723c751e8b465ee728b)
Start importing Assets/scripts/MonsterMove.cs using Guid(94d5ef9f4efa03047b36710fd630e9a1) Importer(815301076,1909f56bfc062723c751e8b465ee728b)  -> (artifact id: 'd1f0eb11505bc1b4ff2b6d15dc2e6ff9') in 0.005481 seconds
  Import took 0.010119 seconds .

========================================================================
Received Import Request.
  Time since last request: 0.000703 seconds.
  path: Assets/scripts/MonsterMove.cs
  artifactKey: Guid(94d5ef9f4efa03047b36710fd630e9a1) Importer(815301076,1909f56bfc062723c751e8b465ee728b)
Start importing Assets/scripts/MonsterMove.cs using Guid(94d5ef9f4efa03047b36710fd630e9a1) Importer(815301076,1909f56bfc062723c751e8b465ee728b)  -> (artifact id: 'd1f0eb11505bc1b4ff2b6d15dc2e6ff9') in 0.003320 seconds
  Import took 0.006456 seconds .

========================================================================
Received Import Request.
  Time since last request: 12.928422 seconds.
  path: Assets/scripts/MonsterMove.cs
  artifactKey: Guid(94d5ef9f4efa03047b36710fd630e9a1) Importer(815301076,1909f56bfc062723c751e8b465ee728b)
Start importing Assets/scripts/MonsterMove.cs using Guid(94d5ef9f4efa03047b36710fd630e9a1) Importer(815301076,1909f56bfc062723c751e8b465ee728b)  -> (artifact id: '9d4d145d53d9a094da5761682c380622') in 0.002818 seconds
  Import took 0.008863 seconds .

========================================================================
Received Import Request.
  Time since last request: 0.001320 seconds.
  path: Assets/scripts/MonsterMove.cs
  artifactKey: Guid(94d5ef9f4efa03047b36710fd630e9a1) Importer(815301076,1909f56bfc062723c751e8b465ee728b)
Start importing Assets/scripts/MonsterMove.cs using Guid(94d5ef9f4efa03047b36710fd630e9a1) Importer(815301076,1909f56bfc062723c751e8b465ee728b)  -> (artifact id: '9d4d145d53d9a094da5761682c380622') in 0.003255 seconds
  Import took 0.007211 seconds .

========================================================================
Received Import Request.
  Time since last request: 14.214935 seconds.
  path: Assets/scripts/MonsterMove.cs
  artifactKey: Guid(94d5ef9f4efa03047b36710fd630e9a1) Importer(815301076,1909f56bfc062723c751e8b465ee728b)
Start importing Assets/scripts/MonsterMove.cs using Guid(94d5ef9f4efa03047b36710fd630e9a1) Importer(815301076,1909f56bfc062723c751e8b465ee728b)  -> (artifact id: '5fdbcbbecf712a3403c30caac055e1a8') in 0.003105 seconds
  Import took 0.007092 seconds .

========================================================================
Received Import Request.
  Time since last request: 0.001831 seconds.
  path: Assets/scripts/MonsterMove.cs
  artifactKey: Guid(94d5ef9f4efa03047b36710fd630e9a1) Importer(815301076,1909f56bfc062723c751e8b465ee728b)
Start importing Assets/scripts/MonsterMove.cs using Guid(94d5ef9f4efa03047b36710fd630e9a1) Importer(815301076,1909f56bfc062723c751e8b465ee728b)  -> (artifact id: '5fdbcbbecf712a3403c30caac055e1a8') in 0.004261 seconds
  Import took 0.007506 seconds .

========================================================================
Received Prepare
Registering precompiled user dll's ...
Registered in 0.001750 seconds.
Begin MonoManager ReloadAssembly
Native extension for WindowsStandalone target not found
Refreshing native plugins compatible for Editor in 0.35 ms, found 1 plugins.
Preloading 0 native plugins for Editor in 0.00 ms.
Mono: successfully reloaded assembly
- Completed reload, in  0.911 seconds
Platform modules already initialized, skipping
Refreshing native plugins compatible for Editor in 0.34 ms, found 1 plugins.
Preloading 0 native plugins for Editor in 0.00 ms.
Unloading 1805 Unused Serialized files (Serialized files now loaded: 0)
System memory in use before: 87.9 MB.
System memory in use after: 88.0 MB.

Unloading 8 unused Assets to reduce memory usage. Loaded Objects now: 2285.
Total: 1.950900 ms (FindLiveObjects: 0.177100 ms CreateObjectMapping: 0.061500 ms MarkObjects: 1.697200 ms  DeleteObjects: 0.014400 ms)

========================================================================
Received Import Request.
  Time since last request: 67.915000 seconds.
  path: Assets/scripts/MonsterMove.cs
  artifactKey: Guid(94d5ef9f4efa03047b36710fd630e9a1) Importer(815301076,1909f56bfc062723c751e8b465ee728b)
Start importing Assets/scripts/MonsterMove.cs using Guid(94d5ef9f4efa03047b36710fd630e9a1) Importer(815301076,1909f56bfc062723c751e8b465ee728b)  -> (artifact id: 'e5564c175d0955bb4c59c1a125ca059a') in 0.004888 seconds
  Import took 0.009681 seconds .

========================================================================
Received Prepare
Registering precompiled user dll's ...
Registered in 0.001751 seconds.
Begin MonoManager ReloadAssembly
Native extension for WindowsStandalone target not found
Refreshing native plugins compatible for Editor in 0.34 ms, found 1 plugins.
Preloading 0 native plugins for Editor in 0.00 ms.
Mono: successfully reloaded assembly
- Completed reload, in  0.963 seconds
Platform modules already initialized, skipping
Refreshing native plugins compatible for Editor in 0.33 ms, found 1 plugins.
Preloading 0 native plugins for Editor in 0.00 ms.
Unloading 1805 Unused Serialized files (Serialized files now loaded: 0)
System memory in use before: 87.9 MB.
System memory in use after: 88.0 MB.

Unloading 8 unused Assets to reduce memory usage. Loaded Objects now: 2288.
Total: 1.932100 ms (FindLiveObjects: 0.175900 ms CreateObjectMapping: 0.067000 ms MarkObjects: 1.673300 ms  DeleteObjects: 0.015100 ms)

========================================================================
Received Prepare
Registering precompiled user dll's ...
Registered in 0.001765 seconds.
Begin MonoManager ReloadAssembly
Native extension for WindowsStandalone target not found
Refreshing native plugins compatible for Editor in 0.33 ms, found 1 plugins.
Preloading 0 native plugins for Editor in 0.00 ms.
Mono: successfully reloaded assembly
- Completed reload, in  0.876 seconds
Platform modules already initialized, skipping
Refreshing native plugins compatible for Editor in 0.37 ms, found 1 plugins.
Preloading 0 native plugins for Editor in 0.00 ms.
Unloading 1805 Unused Serialized files (Serialized files now loaded: 0)
System memory in use before: 87.9 MB.
System memory in use after: 88.0 MB.

Unloading 8 unused Assets to reduce memory usage. Loaded Objects now: 2291.
Total: 1.968400 ms (FindLiveObjects: 0.161700 ms CreateObjectMapping: 0.047000 ms MarkObjects: 1.747000 ms  DeleteObjects: 0.012000 ms)

========================================================================
Received Import Request.
  Time since last request: 71.693617 seconds.
  path: Assets/scripts/MonsterMove.cs
  artifactKey: Guid(94d5ef9f4efa03047b36710fd630e9a1) Importer(815301076,1909f56bfc062723c751e8b465ee728b)
Start importing Assets/scripts/MonsterMove.cs using Guid(94d5ef9f4efa03047b36710fd630e9a1) Importer(815301076,1909f56bfc062723c751e8b465ee728b)  -> (artifact id: 'c7fa7a377c50cf2122358d0ed5dfd75b') in 0.004818 seconds
  Import took 0.010200 seconds .

========================================================================
Received Prepare
Registering precompiled user dll's ...
Registered in 0.001916 seconds.
Begin MonoManager ReloadAssembly
Native extension for WindowsStandalone target not found
Refreshing native plugins compatible for Editor in 0.32 ms, found 1 plugins.
Preloading 0 native plugins for Editor in 0.00 ms.
Mono: successfully reloaded assembly
- Completed reload, in  0.904 seconds
Platform modules already initialized, skipping
Refreshing native plugins compatible for Editor in 0.34 ms, found 1 plugins.
Preloading 0 native plugins for Editor in 0.00 ms.
Unloading 1805 Unused Serialized files (Serialized files now loaded: 0)
System memory in use before: 87.9 MB.
System memory in use after: 88.0 MB.

Unloading 8 unused Assets to reduce memory usage. Loaded Objects now: 2294.
Total: 1.943700 ms (FindLiveObjects: 0.159400 ms CreateObjectMapping: 0.047600 ms MarkObjects: 1.724000 ms  DeleteObjects: 0.011800 ms)

========================================================================
Received Import Request.
  Time since last request: 103.142886 seconds.
  path: Assets/scripts/MonsterMove.cs
  artifactKey: Guid(94d5ef9f4efa03047b36710fd630e9a1) Importer(815301076,1909f56bfc062723c751e8b465ee728b)
Start importing Assets/scripts/MonsterMove.cs using Guid(94d5ef9f4efa03047b36710fd630e9a1) Importer(815301076,1909f56bfc062723c751e8b465ee728b)  -> (artifact id: '5580096d72e7582074320c7237adb1a4') in 0.004647 seconds
  Import took 0.010233 seconds .

========================================================================
Received Import Request.
  Time since last request: 0.006774 seconds.
  path: Assets/scripts/MonsterMove.cs
  artifactKey: Guid(94d5ef9f4efa03047b36710fd630e9a1) Importer(815301076,1909f56bfc062723c751e8b465ee728b)
Start importing Assets/scripts/MonsterMove.cs using Guid(94d5ef9f4efa03047b36710fd630e9a1) Importer(815301076,1909f56bfc062723c751e8b465ee728b)  -> (artifact id: '5580096d72e7582074320c7237adb1a4') in 0.002719 seconds
  Import took 0.005466 seconds .

========================================================================
Received Prepare
Registering precompiled user dll's ...
Registered in 0.001782 seconds.
Begin MonoManager ReloadAssembly
Native extension for WindowsStandalone target not found
Refreshing native plugins compatible for Editor in 0.80 ms, found 1 plugins.
Preloading 0 native plugins for Editor in 0.00 ms.
Mono: successfully reloaded assembly
- Completed reload, in  1.150 seconds
Platform modules already initialized, skipping
Refreshing native plugins compatible for Editor in 0.51 ms, found 1 plugins.
Preloading 0 native plugins for Editor in 0.00 ms.
Unloading 1805 Unused Serialized files (Serialized files now loaded: 0)
System memory in use before: 87.9 MB.
System memory in use after: 88.0 MB.

Unloading 8 unused Assets to reduce memory usage. Loaded Objects now: 2297.
Total: 2.103100 ms (FindLiveObjects: 0.186600 ms CreateObjectMapping: 0.050500 ms MarkObjects: 1.851900 ms  DeleteObjects: 0.013000 ms)

========================================================================
Received Import Request.
  Time since last request: 61.692042 seconds.
  path: Assets/scripts/MonsterMove.cs
  artifactKey: Guid(94d5ef9f4efa03047b36710fd630e9a1) Importer(815301076,1909f56bfc062723c751e8b465ee728b)
Start importing Assets/scripts/MonsterMove.cs using Guid(94d5ef9f4efa03047b36710fd630e9a1) Importer(815301076,1909f56bfc062723c751e8b465ee728b)  -> (artifact id: '544361da1ce81efb706095dbf34855e0') in 0.005888 seconds
  Import took 0.058578 seconds .

========================================================================
Received Prepare
Registering precompiled user dll's ...
Registered in 0.001790 seconds.
Begin MonoManager ReloadAssembly
Native extension for WindowsStandalone target not found
Refreshing native plugins compatible for Editor in 0.33 ms, found 1 plugins.
Preloading 0 native plugins for Editor in 0.00 ms.
Mono: successfully reloaded assembly
- Completed reload, in  0.920 seconds
Platform modules already initialized, skipping
Refreshing native plugins compatible for Editor in 0.33 ms, found 1 plugins.
Preloading 0 native plugins for Editor in 0.00 ms.
Unloading 1805 Unused Serialized files (Serialized files now loaded: 0)
System memory in use before: 87.9 MB.
System memory in use after: 88.0 MB.

Unloading 8 unused Assets to reduce memory usage. Loaded Objects now: 2300.
Total: 2.039300 ms (FindLiveObjects: 0.172800 ms CreateObjectMapping: 0.056600 ms MarkObjects: 1.795200 ms  DeleteObjects: 0.013500 ms)

========================================================================
Received Prepare
Registering precompiled user dll's ...
Registered in 0.001845 seconds.
Begin MonoManager ReloadAssembly
Native extension for WindowsStandalone target not found
Refreshing native plugins compatible for Editor in 0.42 ms, found 1 plugins.
Preloading 0 native plugins for Editor in 0.00 ms.
Mono: successfully reloaded assembly
- Completed reload, in  0.928 seconds
Platform modules already initialized, skipping
Refreshing native plugins compatible for Editor in 0.52 ms, found 1 plugins.
Preloading 0 native plugins for Editor in 0.00 ms.
Unloading 1805 Unused Serialized files (Serialized files now loaded: 0)
System memory in use before: 87.9 MB.
System memory in use after: 88.0 MB.

Unloading 8 unused Assets to reduce memory usage. Loaded Objects now: 2303.
Total: 2.059600 ms (FindLiveObjects: 0.183300 ms CreateObjectMapping: 0.051800 ms MarkObjects: 1.810200 ms  DeleteObjects: 0.013300 ms)

========================================================================
Received Prepare
Registering precompiled user dll's ...
Registered in 0.001895 seconds.
Begin MonoManager ReloadAssembly
Native extension for WindowsStandalone target not found
Refreshing native plugins compatible for Editor in 0.34 ms, found 1 plugins.
Preloading 0 native plugins for Editor in 0.00 ms.
Mono: successfully reloaded assembly
- Completed reload, in  0.953 seconds
Platform modules already initialized, skipping
Refreshing native plugins compatible for Editor in 0.37 ms, found 1 plugins.
Preloading 0 native plugins for Editor in 0.00 ms.
Unloading 1805 Unused Serialized files (Serialized files now loaded: 0)
System memory in use before: 87.9 MB.
System memory in use after: 88.0 MB.

Unloading 8 unused Assets to reduce memory usage. Loaded Objects now: 2306.
Total: 1.890300 ms (FindLiveObjects: 0.183800 ms CreateObjectMapping: 0.056000 ms MarkObjects: 1.635600 ms  DeleteObjects: 0.013700 ms)

========================================================================
Received Prepare
Registering precompiled user dll's ...
Registered in 0.001821 seconds.
Begin MonoManager ReloadAssembly
Native extension for WindowsStandalone target not found
Refreshing native plugins compatible for Editor in 0.38 ms, found 1 plugins.
Preloading 0 native plugins for Editor in 0.00 ms.
Mono: successfully reloaded assembly
- Completed reload, in  0.911 seconds
Platform modules already initialized, skipping
Refreshing native plugins compatible for Editor in 0.32 ms, found 1 plugins.
Preloading 0 native plugins for Editor in 0.00 ms.
Unloading 1805 Unused Serialized files (Serialized files now loaded: 0)
System memory in use before: 87.9 MB.
System memory in use after: 88.1 MB.

Unloading 8 unused Assets to reduce memory usage. Loaded Objects now: 2309.
Total: 1.864100 ms (FindLiveObjects: 0.181800 ms CreateObjectMapping: 0.057000 ms MarkObjects: 1.610100 ms  DeleteObjects: 0.014400 ms)

========================================================================
Received Import Request.
  Time since last request: 193.140524 seconds.
  path: Assets/scripts/MonsterMove.cs
  artifactKey: Guid(94d5ef9f4efa03047b36710fd630e9a1) Importer(815301076,1909f56bfc062723c751e8b465ee728b)
Start importing Assets/scripts/MonsterMove.cs using Guid(94d5ef9f4efa03047b36710fd630e9a1) Importer(815301076,1909f56bfc062723c751e8b465ee728b)  -> (artifact id: 'd29d111802053cd42d743b6aeb7938e4') in 0.005046 seconds
  Import took 0.008601 seconds .

========================================================================
Received Prepare
Registering precompiled user dll's ...
Registered in 0.001746 seconds.
Begin MonoManager ReloadAssembly
Native extension for WindowsStandalone target not found
Refreshing native plugins compatible for Editor in 0.32 ms, found 1 plugins.
Preloading 0 native plugins for Editor in 0.00 ms.
Mono: successfully reloaded assembly
- Completed reload, in  0.927 seconds
Platform modules already initialized, skipping
Refreshing native plugins compatible for Editor in 0.34 ms, found 1 plugins.
Preloading 0 native plugins for Editor in 0.00 ms.
Unloading 1805 Unused Serialized files (Serialized files now loaded: 0)
System memory in use before: 88.0 MB.
System memory in use after: 88.1 MB.

Unloading 8 unused Assets to reduce memory usage. Loaded Objects now: 2312.
Total: 2.023500 ms (FindLiveObjects: 0.171700 ms CreateObjectMapping: 0.049600 ms MarkObjects: 1.788800 ms  DeleteObjects: 0.012700 ms)

========================================================================
Received Import Request.
  Time since last request: 664.127738 seconds.
  path: ProjectSettings/TagManager.asset
  artifactKey: Guid(00000000000000003000000000000000) Importer(815301076,1909f56bfc062723c751e8b465ee728b)
Start importing ProjectSettings/TagManager.asset using Guid(00000000000000003000000000000000) Importer(815301076,1909f56bfc062723c751e8b465ee728b)  -> (artifact id: 'ad54269a665d665e240081872bf9e069') in 0.027831 seconds
  Import took 0.032610 seconds .

========================================================================
Received Import Request.
  Time since last request: 199.103614 seconds.
  path: Assets/Simple 2D Platformer BE2/Sprites/제목 없음.controller
  artifactKey: Guid(7a934569ba553414ab1f924374e4da17) Importer(815301076,1909f56bfc062723c751e8b465ee728b)
Start importing Assets/Simple 2D Platformer BE2/Sprites/제목 없음.controller using Guid(7a934569ba553414ab1f924374e4da17) Importer(815301076,1909f56bfc062723c751e8b465ee728b)  -> (artifact id: '0624a1d467805d6661eafb6cecef64da') in 0.015855 seconds
  Import took 0.019651 seconds .

========================================================================
Received Prepare
Registering precompiled user dll's ...
Registered in 0.002093 seconds.
Begin MonoManager ReloadAssembly
Native extension for WindowsStandalone target not found
Refreshing native plugins compatible for Editor in 0.31 ms, found 1 plugins.
Preloading 0 native plugins for Editor in 0.00 ms.
Mono: successfully reloaded assembly
- Completed reload, in  0.881 seconds
Platform modules already initialized, skipping
Refreshing native plugins compatible for Editor in 0.33 ms, found 1 plugins.
Preloading 0 native plugins for Editor in 0.00 ms.
Unloading 1805 Unused Serialized files (Serialized files now loaded: 0)
System memory in use before: 88.0 MB.
System memory in use after: 88.1 MB.

Unloading 9 unused Assets to reduce memory usage. Loaded Objects now: 2315.
Total: 1.854500 ms (FindLiveObjects: 0.166600 ms CreateObjectMapping: 0.046900 ms MarkObjects: 1.627400 ms  DeleteObjects: 0.013100 ms)

========================================================================
Received Prepare
Registering precompiled user dll's ...
Registered in 0.003239 seconds.
Begin MonoManager ReloadAssembly
Native extension for WindowsStandalone target not found
Refreshing native plugins compatible for Editor in 0.34 ms, found 1 plugins.
Preloading 0 native plugins for Editor in 0.00 ms.
Mono: successfully reloaded assembly
- Completed reload, in  0.982 seconds
Platform modules already initialized, skipping
Refreshing native plugins compatible for Editor in 0.36 ms, found 1 plugins.
Preloading 0 native plugins for Editor in 0.00 ms.
Unloading 1805 Unused Serialized files (Serialized files now loaded: 0)
System memory in use before: 88.0 MB.
System memory in use after: 88.1 MB.

Unloading 8 unused Assets to reduce memory usage. Loaded Objects now: 2318.
Total: 1.681400 ms (FindLiveObjects: 0.156800 ms CreateObjectMapping: 0.047000 ms MarkObjects: 1.464200 ms  DeleteObjects: 0.012400 ms)

========================================================================
Received Prepare
Registering precompiled user dll's ...
Registered in 0.001849 seconds.
Begin MonoManager ReloadAssembly
Native extension for WindowsStandalone target not found
Refreshing native plugins compatible for Editor in 0.32 ms, found 1 plugins.
Preloading 0 native plugins for Editor in 0.00 ms.
Mono: successfully reloaded assembly
- Completed reload, in  0.862 seconds
Platform modules already initialized, skipping
Refreshing native plugins compatible for Editor in 0.35 ms, found 1 plugins.
Preloading 0 native plugins for Editor in 0.00 ms.
Unloading 1805 Unused Serialized files (Serialized files now loaded: 0)
System memory in use before: 88.0 MB.
System memory in use after: 88.1 MB.

Unloading 8 unused Assets to reduce memory usage. Loaded Objects now: 2321.
Total: 2.010400 ms (FindLiveObjects: 0.173900 ms CreateObjectMapping: 0.054700 ms MarkObjects: 1.768100 ms  DeleteObjects: 0.012800 ms)

========================================================================
Received Prepare
Registering precompiled user dll's ...
Registered in 0.001797 seconds.
Begin MonoManager ReloadAssembly
Native extension for WindowsStandalone target not found
Refreshing native plugins compatible for Editor in 0.32 ms, found 1 plugins.
Preloading 0 native plugins for Editor in 0.00 ms.
Mono: successfully reloaded assembly
- Completed reload, in  0.903 seconds
Platform modules already initialized, skipping
Refreshing native plugins compatible for Editor in 0.35 ms, found 1 plugins.
Preloading 0 native plugins for Editor in 0.00 ms.
Unloading 1805 Unused Serialized files (Serialized files now loaded: 0)
System memory in use before: 88.0 MB.
System memory in use after: 88.1 MB.

Unloading 8 unused Assets to reduce memory usage. Loaded Objects now: 2324.
Total: 1.842600 ms (FindLiveObjects: 0.168700 ms CreateObjectMapping: 0.052800 ms MarkObjects: 1.608300 ms  DeleteObjects: 0.012000 ms)

========================================================================
Received Prepare
Registering precompiled user dll's ...
Registered in 0.001767 seconds.
Begin MonoManager ReloadAssembly
Native extension for WindowsStandalone target not found
Refreshing native plugins compatible for Editor in 0.60 ms, found 1 plugins.
Preloading 0 native plugins for Editor in 0.00 ms.
Mono: successfully reloaded assembly
- Completed reload, in  0.926 seconds
Platform modules already initialized, skipping
Refreshing native plugins compatible for Editor in 0.35 ms, found 1 plugins.
Preloading 0 native plugins for Editor in 0.00 ms.
Unloading 1805 Unused Serialized files (Serialized files now loaded: 0)
System memory in use before: 88.0 MB.
System memory in use after: 88.1 MB.

Unloading 8 unused Assets to reduce memory usage. Loaded Objects now: 2327.
Total: 1.888500 ms (FindLiveObjects: 0.166900 ms CreateObjectMapping: 0.048700 ms MarkObjects: 1.659200 ms  DeleteObjects: 0.013100 ms)

========================================================================
Received Prepare
Registering precompiled user dll's ...
Registered in 0.001740 seconds.
Begin MonoManager ReloadAssembly
Native extension for WindowsStandalone target not found
Refreshing native plugins compatible for Editor in 0.38 ms, found 1 plugins.
Preloading 0 native plugins for Editor in 0.00 ms.
Mono: successfully reloaded assembly
- Completed reload, in  0.928 seconds
Platform modules already initialized, skipping
Refreshing native plugins compatible for Editor in 0.31 ms, found 1 plugins.
Preloading 0 native plugins for Editor in 0.00 ms.
Unloading 1805 Unused Serialized files (Serialized files now loaded: 0)
System memory in use before: 88.0 MB.
System memory in use after: 88.1 MB.

Unloading 8 unused Assets to reduce memory usage. Loaded Objects now: 2330.
Total: 2.056200 ms (FindLiveObjects: 0.171000 ms CreateObjectMapping: 0.050700 ms MarkObjects: 1.812200 ms  DeleteObjects: 0.021200 ms)

========================================================================
Received Prepare
Registering precompiled user dll's ...
Registered in 0.001884 seconds.
Begin MonoManager ReloadAssembly
Native extension for WindowsStandalone target not found
Refreshing native plugins compatible for Editor in 0.33 ms, found 1 plugins.
Preloading 0 native plugins for Editor in 0.00 ms.
Mono: successfully reloaded assembly
- Completed reload, in  0.894 seconds
Platform modules already initialized, skipping
Refreshing native plugins compatible for Editor in 0.57 ms, found 1 plugins.
Preloading 0 native plugins for Editor in 0.00 ms.
Unloading 1805 Unused Serialized files (Serialized files now loaded: 0)
System memory in use before: 88.0 MB.
System memory in use after: 88.1 MB.

Unloading 8 unused Assets to reduce memory usage. Loaded Objects now: 2333.
Total: 2.083000 ms (FindLiveObjects: 0.172800 ms CreateObjectMapping: 0.056100 ms MarkObjects: 1.840700 ms  DeleteObjects: 0.012600 ms)

========================================================================
Received Prepare
Registering precompiled user dll's ...
Registered in 0.002039 seconds.
Begin MonoManager ReloadAssembly
Native extension for WindowsStandalone target not found
Refreshing native plugins compatible for Editor in 0.32 ms, found 1 plugins.
Preloading 0 native plugins for Editor in 0.00 ms.
Mono: successfully reloaded assembly
- Completed reload, in  0.884 seconds
Platform modules already initialized, skipping
Refreshing native plugins compatible for Editor in 0.32 ms, found 1 plugins.
Preloading 0 native plugins for Editor in 0.00 ms.
Unloading 1805 Unused Serialized files (Serialized files now loaded: 0)
System memory in use before: 88.0 MB.
System memory in use after: 88.1 MB.

Unloading 8 unused Assets to reduce memory usage. Loaded Objects now: 2336.
Total: 2.001300 ms (FindLiveObjects: 0.172300 ms CreateObjectMapping: 0.048800 ms MarkObjects: 1.766700 ms  DeleteObjects: 0.012500 ms)

========================================================================
Received Prepare
Registering precompiled user dll's ...
Registered in 0.001747 seconds.
Begin MonoManager ReloadAssembly
Native extension for WindowsStandalone target not found
Refreshing native plugins compatible for Editor in 0.32 ms, found 1 plugins.
Preloading 0 native plugins for Editor in 0.00 ms.
Mono: successfully reloaded assembly
- Completed reload, in  0.882 seconds
Platform modules already initialized, skipping
Refreshing native plugins compatible for Editor in 0.35 ms, found 1 plugins.
Preloading 0 native plugins for Editor in 0.00 ms.
Unloading 1805 Unused Serialized files (Serialized files now loaded: 0)
System memory in use before: 88.0 MB.
System memory in use after: 88.1 MB.

Unloading 8 unused Assets to reduce memory usage. Loaded Objects now: 2339.
Total: 2.013200 ms (FindLiveObjects: 0.163000 ms CreateObjectMapping: 0.047600 ms MarkObjects: 1.789600 ms  DeleteObjects: 0.012300 ms)

========================================================================
Received Prepare
Registering precompiled user dll's ...
Registered in 0.001796 seconds.
Begin MonoManager ReloadAssembly
Native extension for WindowsStandalone target not found
Refreshing native plugins compatible for Editor in 0.32 ms, found 1 plugins.
Preloading 0 native plugins for Editor in 0.00 ms.
Mono: successfully reloaded assembly
- Completed reload, in  0.880 seconds
Platform modules already initialized, skipping
Refreshing native plugins compatible for Editor in 0.35 ms, found 1 plugins.
Preloading 0 native plugins for Editor in 0.00 ms.
Unloading 1805 Unused Serialized files (Serialized files now loaded: 0)
System memory in use before: 88.0 MB.
System memory in use after: 88.2 MB.

Unloading 8 unused Assets to reduce memory usage. Loaded Objects now: 2342.
Total: 1.919500 ms (FindLiveObjects: 0.179500 ms CreateObjectMapping: 0.058600 ms MarkObjects: 1.668500 ms  DeleteObjects: 0.012200 ms)

========================================================================
Received Prepare
Registering precompiled user dll's ...
Registered in 0.001785 seconds.
Begin MonoManager ReloadAssembly
Native extension for WindowsStandalone target not found
Refreshing native plugins compatible for Editor in 0.31 ms, found 1 plugins.
Preloading 0 native plugins for Editor in 0.00 ms.
Mono: successfully reloaded assembly
- Completed reload, in  0.912 seconds
Platform modules already initialized, skipping
Refreshing native plugins compatible for Editor in 0.34 ms, found 1 plugins.
Preloading 0 native plugins for Editor in 0.00 ms.
Unloading 1805 Unused Serialized files (Serialized files now loaded: 0)
System memory in use before: 88.1 MB.
System memory in use after: 88.2 MB.

Unloading 8 unused Assets to reduce memory usage. Loaded Objects now: 2345.
Total: 1.898200 ms (FindLiveObjects: 0.170900 ms CreateObjectMapping: 0.051400 ms MarkObjects: 1.662900 ms  DeleteObjects: 0.012300 ms)

========================================================================
Received Prepare
Registering precompiled user dll's ...
Registered in 0.002133 seconds.
Begin MonoManager ReloadAssembly
Native extension for WindowsStandalone target not found
Refreshing native plugins compatible for Editor in 0.38 ms, found 1 plugins.
Preloading 0 native plugins for Editor in 0.00 ms.
Mono: successfully reloaded assembly
- Completed reload, in  1.196 seconds
Platform modules already initialized, skipping
Refreshing native plugins compatible for Editor in 0.34 ms, found 1 plugins.
Preloading 0 native plugins for Editor in 0.00 ms.
Unloading 1805 Unused Serialized files (Serialized files now loaded: 0)
System memory in use before: 88.1 MB.
System memory in use after: 88.2 MB.

Unloading 8 unused Assets to reduce memory usage. Loaded Objects now: 2348.
Total: 2.017900 ms (FindLiveObjects: 0.214900 ms CreateObjectMapping: 0.063800 ms MarkObjects: 1.724900 ms  DeleteObjects: 0.013500 ms)

========================================================================
Received Prepare
Registering precompiled user dll's ...
Registered in 0.001806 seconds.
Begin MonoManager ReloadAssembly
Native extension for WindowsStandalone target not found
Refreshing native plugins compatible for Editor in 0.37 ms, found 1 plugins.
Preloading 0 native plugins for Editor in 0.00 ms.
Mono: successfully reloaded assembly
- Completed reload, in  1.117 seconds
Platform modules already initialized, skipping
Refreshing native plugins compatible for Editor in 0.48 ms, found 1 plugins.
Preloading 0 native plugins for Editor in 0.00 ms.
Unloading 1805 Unused Serialized files (Serialized files now loaded: 0)
System memory in use before: 88.1 MB.
System memory in use after: 88.2 MB.

Unloading 8 unused Assets to reduce memory usage. Loaded Objects now: 2351.
Total: 1.958200 ms (FindLiveObjects: 0.181500 ms CreateObjectMapping: 0.055600 ms MarkObjects: 1.706500 ms  DeleteObjects: 0.013700 ms)

========================================================================
Received Prepare
Registering precompiled user dll's ...
Registered in 0.002169 seconds.
Begin MonoManager ReloadAssembly
Native extension for WindowsStandalone target not found
Refreshing native plugins compatible for Editor in 0.32 ms, found 1 plugins.
Preloading 0 native plugins for Editor in 0.00 ms.
Mono: successfully reloaded assembly
- Completed reload, in  0.906 seconds
Platform modules already initialized, skipping
Refreshing native plugins compatible for Editor in 0.32 ms, found 1 plugins.
Preloading 0 native plugins for Editor in 0.00 ms.
Unloading 1805 Unused Serialized files (Serialized files now loaded: 0)
System memory in use before: 88.1 MB.
System memory in use after: 88.2 MB.

Unloading 8 unused Assets to reduce memory usage. Loaded Objects now: 2354.
Total: 2.022300 ms (FindLiveObjects: 0.174300 ms CreateObjectMapping: 0.048100 ms MarkObjects: 1.784300 ms  DeleteObjects: 0.015000 ms)

========================================================================
Received Prepare
Registering precompiled user dll's ...
Registered in 0.002090 seconds.
Begin MonoManager ReloadAssembly
Native extension for WindowsStandalone target not found
Refreshing native plugins compatible for Editor in 0.36 ms, found 1 plugins.
Preloading 0 native plugins for Editor in 0.00 ms.
Mono: successfully reloaded assembly
- Completed reload, in  1.106 seconds
Platform modules already initialized, skipping
Refreshing native plugins compatible for Editor in 0.47 ms, found 1 plugins.
Preloading 0 native plugins for Editor in 0.00 ms.
Unloading 1805 Unused Serialized files (Serialized files now loaded: 0)
System memory in use before: 88.1 MB.
System memory in use after: 88.2 MB.

Unloading 8 unused Assets to reduce memory usage. Loaded Objects now: 2357.
Total: 2.420100 ms (FindLiveObjects: 0.188900 ms CreateObjectMapping: 0.061200 ms MarkObjects: 2.148800 ms  DeleteObjects: 0.020000 ms)

========================================================================
Received Prepare
Registering precompiled user dll's ...
Registered in 0.002295 seconds.
Begin MonoManager ReloadAssembly
Native extension for WindowsStandalone target not found
Refreshing native plugins compatible for Editor in 0.51 ms, found 1 plugins.
Preloading 0 native plugins for Editor in 0.00 ms.
Mono: successfully reloaded assembly
- Completed reload, in  1.066 seconds
Platform modules already initialized, skipping
Refreshing native plugins compatible for Editor in 0.35 ms, found 1 plugins.
Preloading 0 native plugins for Editor in 0.00 ms.
Unloading 1805 Unused Serialized files (Serialized files now loaded: 0)
System memory in use before: 88.1 MB.
System memory in use after: 88.2 MB.

Unloading 8 unused Assets to reduce memory usage. Loaded Objects now: 2360.
Total: 2.036600 ms (FindLiveObjects: 0.168200 ms CreateObjectMapping: 0.049400 ms MarkObjects: 1.806800 ms  DeleteObjects: 0.011700 ms)

========================================================================
Received Prepare
Registering precompiled user dll's ...
Registered in 0.001898 seconds.
Begin MonoManager ReloadAssembly
Native extension for WindowsStandalone target not found
Refreshing native plugins compatible for Editor in 0.33 ms, found 1 plugins.
Preloading 0 native plugins for Editor in 0.00 ms.
Mono: successfully reloaded assembly
- Completed reload, in  0.930 seconds
Platform modules already initialized, skipping
Refreshing native plugins compatible for Editor in 0.35 ms, found 1 plugins.
Preloading 0 native plugins for Editor in 0.00 ms.
Unloading 1805 Unused Serialized files (Serialized files now loaded: 0)
System memory in use before: 88.1 MB.
System memory in use after: 88.2 MB.

Unloading 8 unused Assets to reduce memory usage. Loaded Objects now: 2363.
Total: 2.142300 ms (FindLiveObjects: 0.231700 ms CreateObjectMapping: 0.178000 ms MarkObjects: 1.719700 ms  DeleteObjects: 0.011900 ms)

========================================================================
Received Prepare
Registering precompiled user dll's ...
Registered in 0.001852 seconds.
Begin MonoManager ReloadAssembly
Native extension for WindowsStandalone target not found
Refreshing native plugins compatible for Editor in 0.35 ms, found 1 plugins.
Preloading 0 native plugins for Editor in 0.00 ms.
Mono: successfully reloaded assembly
- Completed reload, in  0.904 seconds
Platform modules already initialized, skipping
Refreshing native plugins compatible for Editor in 0.37 ms, found 1 plugins.
Preloading 0 native plugins for Editor in 0.00 ms.
Unloading 1805 Unused Serialized files (Serialized files now loaded: 0)
System memory in use before: 88.1 MB.
System memory in use after: 88.2 MB.

Unloading 8 unused Assets to reduce memory usage. Loaded Objects now: 2366.
Total: 2.003500 ms (FindLiveObjects: 0.173000 ms CreateObjectMapping: 0.047600 ms MarkObjects: 1.769300 ms  DeleteObjects: 0.012700 ms)

========================================================================
Received Prepare
Registering precompiled user dll's ...
Registered in 0.001819 seconds.
Begin MonoManager ReloadAssembly
Native extension for WindowsStandalone target not found
Refreshing native plugins compatible for Editor in 0.32 ms, found 1 plugins.
Preloading 0 native plugins for Editor in 0.00 ms.
Mono: successfully reloaded assembly
- Completed reload, in  0.895 seconds
Platform modules already initialized, skipping
Refreshing native plugins compatible for Editor in 0.47 ms, found 1 plugins.
Preloading 0 native plugins for Editor in 0.00 ms.
Unloading 1805 Unused Serialized files (Serialized files now loaded: 0)
System memory in use before: 88.1 MB.
System memory in use after: 88.2 MB.

Unloading 8 unused Assets to reduce memory usage. Loaded Objects now: 2369.
Total: 1.818000 ms (FindLiveObjects: 0.168800 ms CreateObjectMapping: 0.048800 ms MarkObjects: 1.587900 ms  DeleteObjects: 0.011700 ms)

========================================================================
Received Import Request.
  Time since last request: 4612.835866 seconds.
  path: Assets/scripts/PlayerMove.cs
  artifactKey: Guid(73921dca5bc77904580d006953a16f84) Importer(815301076,1909f56bfc062723c751e8b465ee728b)
Start importing Assets/scripts/PlayerMove.cs using Guid(73921dca5bc77904580d006953a16f84) Importer(815301076,1909f56bfc062723c751e8b465ee728b)  -> (artifact id: '07ad0cbf4662b286df7fe1613df716f2') in 0.006855 seconds
  Import took 0.010749 seconds .

========================================================================
Received Import Request.
  Time since last request: 1.021233 seconds.
  path: Assets/scripts/MonsterMove.cs
  artifactKey: Guid(94d5ef9f4efa03047b36710fd630e9a1) Importer(815301076,1909f56bfc062723c751e8b465ee728b)
Start importing Assets/scripts/MonsterMove.cs using Guid(94d5ef9f4efa03047b36710fd630e9a1) Importer(815301076,1909f56bfc062723c751e8b465ee728b)  -> (artifact id: '611d93a16e358e693a658d40743417bf') in 0.002823 seconds
  Import took 0.007590 seconds .

========================================================================
Received Import Request.
  Time since last request: 75.691706 seconds.
  path: Assets/Simple 2D Platformer BE2/Demo
  artifactKey: Guid(ec5bf1f2d54b72f419923584020bb6e8) Importer(815301076,1909f56bfc062723c751e8b465ee728b)
Start importing Assets/Simple 2D Platformer BE2/Demo using Guid(ec5bf1f2d54b72f419923584020bb6e8) Importer(815301076,1909f56bfc062723c751e8b465ee728b)  -> (artifact id: '9ee7a35211b801e58e8f575c955fb345') in 0.006390 seconds
  Import took 0.010254 seconds .

========================================================================
Received Import Request.
  Time since last request: 0.663554 seconds.
  path: Assets/Simple 2D Platformer BE2/Demo/Demo.unity
  artifactKey: Guid(3a25811d9b7b5fa4da6d5077a40cdc20) Importer(815301076,1909f56bfc062723c751e8b465ee728b)
Start importing Assets/Simple 2D Platformer BE2/Demo/Demo.unity using Guid(3a25811d9b7b5fa4da6d5077a40cdc20) Importer(815301076,1909f56bfc062723c751e8b465ee728b)  -> (artifact id: '05e5b763ebdef19642084d8612c3d40f') in 0.022782 seconds
  Import took 0.025577 seconds .

========================================================================
Received Prepare
Registering precompiled user dll's ...
Registered in 0.001734 seconds.
Begin MonoManager ReloadAssembly
Native extension for WindowsStandalone target not found
Refreshing native plugins compatible for Editor in 0.35 ms, found 1 plugins.
Preloading 0 native plugins for Editor in 0.00 ms.
Mono: successfully reloaded assembly
- Completed reload, in  0.931 seconds
Platform modules already initialized, skipping
Refreshing native plugins compatible for Editor in 0.31 ms, found 1 plugins.
Preloading 0 native plugins for Editor in 0.00 ms.
Unloading 1805 Unused Serialized files (Serialized files now loaded: 0)
System memory in use before: 88.1 MB.
System memory in use after: 88.3 MB.

Unloading 8 unused Assets to reduce memory usage. Loaded Objects now: 2372.
Total: 1.923300 ms (FindLiveObjects: 0.173200 ms CreateObjectMapping: 0.049800 ms MarkObjects: 1.687200 ms  DeleteObjects: 0.012500 ms)

========================================================================
Received Import Request.
  Time since last request: 56.502759 seconds.
  path: Assets/scripts/MonsterMove.cs
  artifactKey: Guid(94d5ef9f4efa03047b36710fd630e9a1) Importer(815301076,1909f56bfc062723c751e8b465ee728b)
Start importing Assets/scripts/MonsterMove.cs using Guid(94d5ef9f4efa03047b36710fd630e9a1) Importer(815301076,1909f56bfc062723c751e8b465ee728b)  -> (artifact id: '890c79983f056fc8e22d472704329bb8') in 0.005004 seconds
  Import took 0.007532 seconds .

========================================================================
Received Prepare
Registering precompiled user dll's ...
Registered in 0.002314 seconds.
Begin MonoManager ReloadAssembly
Native extension for WindowsStandalone target not found
Refreshing native plugins compatible for Editor in 0.39 ms, found 1 plugins.
Preloading 0 native plugins for Editor in 0.00 ms.
Mono: successfully reloaded assembly
- Completed reload, in  1.146 seconds
Platform modules already initialized, skipping
Refreshing native plugins compatible for Editor in 0.45 ms, found 1 plugins.
Preloading 0 native plugins for Editor in 0.00 ms.
Unloading 1805 Unused Serialized files (Serialized files now loaded: 0)
System memory in use before: 88.2 MB.
System memory in use after: 88.3 MB.

Unloading 8 unused Assets to reduce memory usage. Loaded Objects now: 2375.
Total: 2.204900 ms (FindLiveObjects: 0.230600 ms CreateObjectMapping: 0.147800 ms MarkObjects: 1.811300 ms  DeleteObjects: 0.013800 ms)

AssetImportWorkerClient::OnTransportError - code=2 error=End of file
